<?xml version="1.0" encoding="UTF-8"?>
<!-- Generated by org.testng.reporters.JUnitReportReporter -->
<testsuite skipped="0" hostname="LAPTOP-T3UANJN2" name="com.bank.testsuite.BankTest" tests="1" failures="0" timestamp="2022-12-13T21:13:20 GMT" time="6.740" errors="0">
  <testcase name="bankManagerShouldAddCustomerSuccessfully" time="6.740" classname="com.bank.testsuite.BankTest"/>
  <system-out>
    <![CDATA[Clicking on Manager Login tab
Click on add customer tab: [[ChromeDriver: chrome on WINDOWS (11773e52100b657c36fe203c9d2ee2fc)] -> xpath: //button[contains(text(),'Add Customer')]]
Enter first name in name field [[ChromeDriver: chrome on WINDOWS (11773e52100b657c36fe203c9d2ee2fc)] -> xpath: //form//input[@placeholder='First Name']]
Enter last name in name field [[ChromeDriver: chrome on WINDOWS (11773e52100b657c36fe203c9d2ee2fc)] -> xpath: //form//input[@placeholder='Last Name']]
Enter first name in name field [[ChromeDriver: chrome on WINDOWS (11773e52100b657c36fe203c9d2ee2fc)] -> xpath: //form//input[@placeholder='First Name']]
Click on Add customer button [[ChromeDriver: chrome on WINDOWS (11773e52100b657c36fe203c9d2ee2fc)] -> xpath: //form//button[1]]
Verify pop up text messageCustomer added successfully with customer id :6
Accept pop up message]]>
  </system-out>
</testsuite> <!-- com.bank.testsuite.BankTest -->
